28.3.2025, 17:10:19 - INFO - user loaded bugs
28.3.2025, 17:10:19 - INFO - user loaded bugs
28.3.2025, 17:10:29 - INFO - Visited Bugs: | ["bug004"]
28.3.2025, 17:10:32 - INFO - user loaded bugs
28.3.2025, 17:10:32 - INFO - user loaded bugs
28.3.2025, 17:10:34 - INFO - Visited Bugs: | ["bug004","bug003"]
28.3.2025, 17:10:37 - INFO - user loaded bugs
28.3.2025, 17:10:37 - INFO - user loaded bugs
28.3.2025, 17:10:41 - INFO - user saved bug
28.3.2025, 17:10:52 - INFO - user saved bug
28.3.2025, 17:11:04 - INFO - user saved bug
28.3.2025, 17:11:09 - INFO - bug Removed
28.3.2025, 17:11:20 - INFO - Visited Bugs: | ["It0tqs"]
28.3.2025, 17:11:24 - INFO - user loaded bugs
28.3.2025, 17:11:24 - INFO - user loaded bugs
28.3.2025, 17:11:26 - INFO - Visited Bugs: | ["It0tqs"]
28.3.2025, 17:11:30 - INFO - user loaded bugs
28.3.2025, 17:11:30 - INFO - user loaded bugs
28.3.2025, 17:11:32 - INFO - Visited Bugs: | ["It0tqs","bug003"]
28.3.2025, 17:11:35 - INFO - user loaded bugs
28.3.2025, 17:11:35 - INFO - user loaded bugs
28.3.2025, 17:11:36 - INFO - Visited Bugs: | ["It0tqs","bug003","bug006"]
28.3.2025, 17:11:38 - INFO - user loaded bugs
28.3.2025, 17:11:38 - INFO - user loaded bugs
28.3.2025, 17:11:41 - INFO - user loaded bugs
28.3.2025, 17:11:41 - INFO - user loaded bugs
28.3.2025, 17:12:04 - INFO - user loaded bugs
28.3.2025, 17:12:05 - INFO - user loaded bugs
28.3.2025, 17:12:05 - INFO - user loaded bugs
28.3.2025, 17:12:05 - INFO - user loaded bugs
28.3.2025, 17:12:05 - INFO - user loaded bugs
28.3.2025, 17:12:08 - INFO - user loaded bugs
28.3.2025, 17:12:11 - INFO - user loaded bugs
28.3.2025, 17:12:11 - INFO - user loaded bugs
28.3.2025, 17:12:12 - INFO - user loaded bugs
28.3.2025, 17:12:13 - INFO - user loaded bugs
28.3.2025, 17:12:13 - INFO - user loaded bugs
